\BOOKMARK [1][-]{Doc-Start}{\376\377\000O\000z\000e\000t}{}% 1
\BOOKMARK [1][-]{section.1}{\376\377\000G\000i\000r\000i\000s}{}% 2
\BOOKMARK [1][-]{section.2}{\376\377\000P\000r\000o\000b\000l\000e\000m\000\040\000T\000a\000n\000i\000m\000i}{}% 3
\BOOKMARK [1][-]{section.3}{\376\377\000A\000r\000a\000s\000t\000i\000r\000m\000a\000\040\000S\000o\000r\000u\000l\000a\000r\000i\000\040\000v\000e\000\040\000H\000i\000p\000o\000t\000e\000z\000l\000e\000r}{}% 4
\BOOKMARK [2][-]{subsection.3.1}{\376\377\000A\000r\000a\000s\000t\000i\000r\000m\000a\000\040\000S\000o\000r\000u\000l\000a\000r\000i}{section.3}% 5
\BOOKMARK [2][-]{subsection.3.2}{\376\377\000H\000i\000p\000o\000t\000e\000z\000l\000e\000r}{section.3}% 6
\BOOKMARK [1][-]{section.4}{\376\377\000A\000r\000a\000s\000t\000i\000r\000m\000a\000n\000i\000n\000\040\000O\000n\000e\000m\000i\000\040\000v\000e\000\040\000K\000a\000t\000k\000i\000s\000i}{}% 7
\BOOKMARK [1][-]{section.5}{\376\377\000L\000i\000t\000e\000r\000a\000t\000u\000r\000\040\000T\000a\000r\000a\000m\000a\000s\000i}{}% 8
\BOOKMARK [2][-]{subsection.5.1}{\376\377\000A\000d\000a\000p\000t\000i\000v\000e\000\040\000T\000i\000m\000e\000\040\000Q\000u\000a\000n\000t\000u\000m\000\040\000S\000c\000h\000e\000d\000u\000l\000i\000n\000g}{section.5}% 9
\BOOKMARK [2][-]{subsection.5.2}{\376\377\000A\000I\000\040\000T\000a\000b\000a\000n\000l\000i\000\040\000S\000c\000h\000e\000d\000u\000l\000e\000r\000\040\000Y\000a\000k\000l\000a\000s\000i\000m\000l\000a\000r\000i}{section.5}% 10
\BOOKMARK [2][-]{subsection.5.3}{\376\377\000H\000a\000r\000d\000w\000a\000r\000e\000\040\000A\000g\000i\000n\000g\000\040\000v\000e\000\040\000R\000e\000l\000i\000a\000b\000i\000l\000i\000t\000y\000-\000A\000w\000a\000r\000e\000\040\000C\000o\000n\000t\000r\000o\000l}{section.5}% 11
\BOOKMARK [2][-]{subsection.5.4}{\376\377\000L\000i\000t\000e\000r\000a\000t\000u\000r\000\040\000B\000o\000s\000l\000u\000g\000u}{section.5}% 12
\BOOKMARK [1][-]{section.6}{\376\377\000O\000n\000e\000r\000i\000l\000e\000n\000\040\000Y\000o\000n\000t\000e\000m}{}% 13
\BOOKMARK [2][-]{subsection.6.1}{\376\377\000G\000e\000n\000e\000l\000\040\000C\000e\000r\000c\000e\000v\000e}{section.6}% 14
\BOOKMARK [2][-]{subsection.6.2}{\376\377\000Y\000o\000n\000t\000e\000m\000\040\0001\000:\000\040\000H\000e\000u\000r\000i\000s\000t\000i\000c\000\040\000A\000g\000i\000n\000g\000-\000P\000e\000n\000a\000l\000i\000z\000e\000d\000\040\000Q\000u\000a\000n\000t\000u\000m}{section.6}% 15
\BOOKMARK [2][-]{subsection.6.3}{\376\377\000Y\000o\000n\000t\000e\000m\000\040\0002\000:\000\040\000P\000h\000y\000s\000i\000c\000s\000-\000I\000n\000f\000o\000r\000m\000e\000d\000\040\000S\000u\000p\000e\000r\000v\000i\000s\000e\000d\000\040\000L\000e\000a\000r\000n\000i\000n\000g}{section.6}% 16
\BOOKMARK [2][-]{subsection.6.4}{\376\377\000Y\000o\000n\000t\000e\000m\000\040\0003\000:\000\040\000C\000o\000n\000t\000e\000x\000t\000u\000a\000l\000\040\000B\000a\000n\000d\000i\000t\000\040\000v\000e\000\040\000R\000e\000i\000n\000f\000o\000r\000c\000e\000m\000e\000n\000t\000\040\000L\000e\000a\000r\000n\000i\000n\000g}{section.6}% 17
\BOOKMARK [1][-]{section.7}{\376\377\000D\000e\000n\000e\000y\000s\000e\000l\000\040\000T\000a\000s\000a\000r\000i\000m}{}% 18
\BOOKMARK [2][-]{subsection.7.1}{\376\377\000S\000i\000m\000u\000l\000a\000t\000o\000r\000\040\000O\000r\000t\000a\000m\000i}{section.7}% 19
\BOOKMARK [2][-]{subsection.7.2}{\376\377\000W\000o\000r\000k\000l\000o\000a\000d\000\040\000S\000i\000n\000i\000f\000l\000a\000r\000i}{section.7}% 20
\BOOKMARK [2][-]{subsection.7.3}{\376\377\000B\000a\000s\000e\000l\000i\000n\000e\000\040\000Y\000o\000n\000t\000e\000m\000l\000e\000r}{section.7}% 21
\BOOKMARK [2][-]{subsection.7.4}{\376\377\000T\000h\000e\000r\000m\000a\000l\000\040\000v\000e\000\040\000A\000g\000i\000n\000g\000\040\000M\000o\000d\000e\000l\000l\000e\000r\000i}{section.7}% 22
\BOOKMARK [1][-]{section.8}{\376\377\000D\000e\000g\000e\000r\000l\000e\000n\000d\000i\000r\000m\000e\000\040\000M\000e\000t\000r\000i\000k\000l\000e\000r\000i}{}% 23
\BOOKMARK [2][-]{subsection.8.1}{\376\377\000S\000c\000h\000e\000d\000u\000l\000e\000r\000\040\000P\000e\000r\000f\000o\000r\000m\000a\000n\000s\000i}{section.8}% 24
\BOOKMARK [2][-]{subsection.8.2}{\376\377\000R\000e\000l\000i\000a\000b\000i\000l\000i\000t\000y\000\040\000v\000e\000\040\000T\000h\000e\000r\000m\000a\000l\000\040\000M\000e\000t\000r\000i\000k\000l\000e\000r\000i}{section.8}% 25
\BOOKMARK [2][-]{subsection.8.3}{\376\377\000T\000e\000m\000e\000l\000\040\000K\000a\000r\000s\000i\000l\000a\000s\000t\000i\000r\000m\000a\000\040\000I\000d\000d\000i\000a\000l\000a\000r\000i}{section.8}% 26
\BOOKMARK [1][-]{section.9}{\376\377\000O\000r\000n\000e\000k\000\040\000S\000e\000n\000a\000r\000y\000o\000\040\000v\000e\000\040\000O\000b\000j\000e\000k\000t\000i\000f\000\040\000B\000e\000k\000l\000e\000n\000t\000i\000\040\000C\000e\000r\000c\000e\000v\000e\000s\000i}{}% 27
\BOOKMARK [2][-]{subsection.9.1}{\376\377\000O\000r\000n\000e\000k\000\040\000S\000e\000n\000a\000r\000y\000o}{section.9}% 28
\BOOKMARK [2][-]{subsection.9.2}{\376\377\000M\000u\000h\000t\000e\000m\000e\000l\000\040\000P\000o\000z\000i\000t\000i\000f\000\040\000S\000o\000n\000u\000c\000l\000a\000r}{section.9}% 29
\BOOKMARK [2][-]{subsection.9.3}{\376\377\000M\000u\000h\000t\000e\000m\000e\000l\000\040\000N\000e\000g\000a\000t\000i\000f\000\040\000S\000o\000n\000u\000c\000l\000a\000r\000\040\000v\000e\000\040\000S\000i\000n\000i\000r\000l\000a\000r}{section.9}% 30
\BOOKMARK [2][-]{subsection.9.4}{\376\377\000O\000b\000j\000e\000k\000t\000i\000f\000\040\000B\000a\000s\000a\000r\000i\000\040\000K\000r\000i\000t\000e\000r\000l\000e\000r\000i}{section.9}% 31
\BOOKMARK [1][-]{section.10}{\376\377\000B\000e\000k\000l\000e\000n\000e\000n\000\040\000Z\000o\000r\000l\000u\000k\000l\000a\000r\000\040\000v\000e\000\040\000R\000i\000s\000k\000\040\000A\000z\000a\000l\000t\000m\000a}{}% 32
\BOOKMARK [1][-]{section.11}{\376\377\000C\000a\000l\000i\000s\000m\000a\000\040\000P\000l\000a\000n\000i}{}% 33
\BOOKMARK [1][-]{section.12}{\376\377\000B\000e\000k\000l\000e\000n\000e\000n\000\040\000S\000o\000n\000u\000c\000l\000a\000r}{}% 34
\BOOKMARK [1][-]{section.13}{\376\377\000S\000o\000n\000u\000c}{}% 35
